C:\Users\maria.miramontes\source\repos\ToysAndGameWeb\ToysAndGameWeb\ClientApp\dist\out-tsc\src\app\app-routing.module.js
C:\Users\maria.miramontes\source\repos\ToysAndGameWeb\ToysAndGameWeb\ClientApp\dist\out-tsc\src\app\app-routing.module.js.map
C:\Users\maria.miramontes\source\repos\ToysAndGameWeb\ToysAndGameWeb\ClientApp\dist\out-tsc\src\app\ProductsGNL.js
C:\Users\maria.miramontes\source\repos\ToysAndGameWeb\ToysAndGameWeb\ClientApp\dist\out-tsc\src\app\ProductsGNL.js.map
C:\Users\maria.miramontes\source\repos\ToysAndGameWeb\ToysAndGameWeb\ClientApp\dist\out-tsc\src\app\products.service.js
C:\Users\maria.miramontes\source\repos\ToysAndGameWeb\ToysAndGameWeb\ClientApp\dist\out-tsc\src\app\products.service.js.map
C:\Users\maria.miramontes\source\repos\ToysAndGameWeb\ToysAndGameWeb\ClientApp\dist\out-tsc\src\app\app.component.js
C:\Users\maria.miramontes\source\repos\ToysAndGameWeb\ToysAndGameWeb\ClientApp\dist\out-tsc\src\app\app.component.js.map
C:\Users\maria.miramontes\source\repos\ToysAndGameWeb\ToysAndGameWeb\ClientApp\dist\out-tsc\src\app\app.module.js
C:\Users\maria.miramontes\source\repos\ToysAndGameWeb\ToysAndGameWeb\ClientApp\dist\out-tsc\src\app\app.module.js.map
C:\Users\maria.miramontes\source\repos\ToysAndGameWeb\ToysAndGameWeb\ClientApp\dist\out-tsc\src\environments\environment.js
C:\Users\maria.miramontes\source\repos\ToysAndGameWeb\ToysAndGameWeb\ClientApp\dist\out-tsc\src\environments\environment.js.map
C:\Users\maria.miramontes\source\repos\ToysAndGameWeb\ToysAndGameWeb\ClientApp\dist\out-tsc\src\main.js
C:\Users\maria.miramontes\source\repos\ToysAndGameWeb\ToysAndGameWeb\ClientApp\dist\out-tsc\src\main.js.map
C:\Users\maria.miramontes\source\repos\ToysAndGameWeb\ToysAndGameWeb\ClientApp\dist\out-tsc\src\polyfills.js
C:\Users\maria.miramontes\source\repos\ToysAndGameWeb\ToysAndGameWeb\ClientApp\dist\out-tsc\src\polyfills.js.map
C:\Users\maria.miramontes\source\repos\ToysAndGameWeb\ToysAndGameWeb\ClientApp\dist\out-tsc\src\test.js
C:\Users\maria.miramontes\source\repos\ToysAndGameWeb\ToysAndGameWeb\ClientApp\dist\out-tsc\src\test.js.map
C:\Users\maria.miramontes\source\repos\ToysAndGameWeb\ToysAndGameWeb\ClientApp\dist\out-tsc\e2e\src\app.po.js
C:\Users\maria.miramontes\source\repos\ToysAndGameWeb\ToysAndGameWeb\ClientApp\dist\out-tsc\e2e\src\app.po.js.map
C:\Users\maria.miramontes\source\repos\ToysAndGameWeb\ToysAndGameWeb\ClientApp\dist\out-tsc\e2e\src\app.e2e-spec.js
C:\Users\maria.miramontes\source\repos\ToysAndGameWeb\ToysAndGameWeb\ClientApp\dist\out-tsc\e2e\src\app.e2e-spec.js.map
C:\Users\maria.miramontes\source\repos\ToysAndGameWeb\ToysAndGameWeb\ClientApp\dist\out-tsc\src\app\app.component.spec.js
C:\Users\maria.miramontes\source\repos\ToysAndGameWeb\ToysAndGameWeb\ClientApp\dist\out-tsc\src\app\app.component.spec.js.map
C:\Users\maria.miramontes\source\repos\ToysAndGameWeb\ToysAndGameWeb\ClientApp\dist\out-tsc\src\app\products.service.spec.js
C:\Users\maria.miramontes\source\repos\ToysAndGameWeb\ToysAndGameWeb\ClientApp\dist\out-tsc\src\app\products.service.spec.js.map
C:\Users\maria.miramontes\source\repos\ToysAndGameWeb\ToysAndGameWeb\ClientApp\dist\out-tsc\src\environments\environment.prod.js
C:\Users\maria.miramontes\source\repos\ToysAndGameWeb\ToysAndGameWeb\ClientApp\dist\out-tsc\src\environments\environment.prod.js.map
